<?xml version="1.0" encoding="UTF-8"?>
<!-- Generated by org.testng.reporters.JUnitReportReporter -->
<testsuite skipped="0" hostname="BLR-T530-W7-R23" name="apitest.post.AssignmentApiTest" tests="1" failures="0" timestamp="12 Sep 2018 18:52:31 GMT" time="23.505" errors="0">
  <testcase name="getStatusCodeValidateMessage" time="23.505" classname="apitest.post.AssignmentApiTest"/>
</testsuite> <!-- apitest.post.AssignmentApiTest -->
