<?xml version="1.0" encoding="UTF-8"?>
<!-- Generated by org.testng.reporters.JUnitReportReporter -->
<testsuite skipped="0" hostname="BLR-T530-W7-R23" name="assignmentDemo.PumaTest.ProductCheckOutTest" tests="1" failures="0" timestamp="12 Sep 2018 18:50:34 GMT" time="35.539" errors="0">
  <testcase name="test" time="35.539" classname="assignmentDemo.PumaTest.ProductCheckOutTest"/>
</testsuite> <!-- assignmentDemo.PumaTest.ProductCheckOutTest -->
