<?xml version="1.0" encoding="UTF-8"?>
<!-- Generated by org.testng.reporters.JUnitReportReporter -->
<testsuite skipped="0" hostname="BLR-T530-W7-R23" name="com.assignment.Baseutils.BaseTest" tests="1" failures="0" timestamp="11 Sep 2018 19:12:41 GMT" time="0.024" errors="0">
  <testcase name="message" time="0.024" classname="com.assignment.Baseutils.BaseTest"/>
</testsuite> <!-- com.assignment.Baseutils.BaseTest -->
